
bomb-quiet:     file format elf32-i386

Disassembly of section .init:

08048718 <_init>:
 8048718:	55                   	push   %ebp
 8048719:	89 e5                	mov    %esp,%ebp
 804871b:	83 ec 08             	sub    $0x8,%esp
 804871e:	e8 11 02 00 00       	call   8048934 <call_gmon_start>
 8048723:	e8 64 02 00 00       	call   804898c <frame_dummy>
 8048728:	e8 a3 0d 00 00       	call   80494d0 <__do_global_ctors_aux>
 804872d:	c9                   	leave  
 804872e:	c3                   	ret    
Disassembly of section .plt:

08048730 <close@plt-0x10>:
 8048730:	ff 35 e4 a0 04 08    	pushl  0x804a0e4
 8048736:	ff 25 e8 a0 04 08    	jmp    *0x804a0e8
 804873c:	00 00                	add    %al,(%eax)
	...

08048740 <close@plt>:
 8048740:	ff 25 ec a0 04 08    	jmp    *0x804a0ec
 8048746:	68 00 00 00 00       	push   $0x0
 804874b:	e9 e0 ff ff ff       	jmp    8048730 <_init+0x18>

08048750 <fprintf@plt>:
 8048750:	ff 25 f0 a0 04 08    	jmp    *0x804a0f0
 8048756:	68 08 00 00 00       	push   $0x8
 804875b:	e9 d0 ff ff ff       	jmp    8048730 <_init+0x18>

08048760 <tmpfile@plt>:
 8048760:	ff 25 f4 a0 04 08    	jmp    *0x804a0f4
 8048766:	68 10 00 00 00       	push   $0x10
 804876b:	e9 c0 ff ff ff       	jmp    8048730 <_init+0x18>

08048770 <getenv@plt>:
 8048770:	ff 25 f8 a0 04 08    	jmp    *0x804a0f8
 8048776:	68 18 00 00 00       	push   $0x18
 804877b:	e9 b0 ff ff ff       	jmp    8048730 <_init+0x18>

08048780 <signal@plt>:
 8048780:	ff 25 fc a0 04 08    	jmp    *0x804a0fc
 8048786:	68 20 00 00 00       	push   $0x20
 804878b:	e9 a0 ff ff ff       	jmp    8048730 <_init+0x18>

08048790 <fflush@plt>:
 8048790:	ff 25 00 a1 04 08    	jmp    *0x804a100
 8048796:	68 28 00 00 00       	push   $0x28
 804879b:	e9 90 ff ff ff       	jmp    8048730 <_init+0x18>

080487a0 <bcopy@plt>:
 80487a0:	ff 25 04 a1 04 08    	jmp    *0x804a104
 80487a6:	68 30 00 00 00       	push   $0x30
 80487ab:	e9 80 ff ff ff       	jmp    8048730 <_init+0x18>

080487b0 <rewind@plt>:
 80487b0:	ff 25 08 a1 04 08    	jmp    *0x804a108
 80487b6:	68 38 00 00 00       	push   $0x38
 80487bb:	e9 70 ff ff ff       	jmp    8048730 <_init+0x18>

080487c0 <system@plt>:
 80487c0:	ff 25 0c a1 04 08    	jmp    *0x804a10c
 80487c6:	68 40 00 00 00       	push   $0x40
 80487cb:	e9 60 ff ff ff       	jmp    8048730 <_init+0x18>

080487d0 <puts@plt>:
 80487d0:	ff 25 10 a1 04 08    	jmp    *0x804a110
 80487d6:	68 48 00 00 00       	push   $0x48
 80487db:	e9 50 ff ff ff       	jmp    8048730 <_init+0x18>

080487e0 <fgets@plt>:
 80487e0:	ff 25 14 a1 04 08    	jmp    *0x804a114
 80487e6:	68 50 00 00 00       	push   $0x50
 80487eb:	e9 40 ff ff ff       	jmp    8048730 <_init+0x18>

080487f0 <sleep@plt>:
 80487f0:	ff 25 18 a1 04 08    	jmp    *0x804a118
 80487f6:	68 58 00 00 00       	push   $0x58
 80487fb:	e9 30 ff ff ff       	jmp    8048730 <_init+0x18>

08048800 <__strtol_internal@plt>:
 8048800:	ff 25 1c a1 04 08    	jmp    *0x804a11c
 8048806:	68 60 00 00 00       	push   $0x60
 804880b:	e9 20 ff ff ff       	jmp    8048730 <_init+0x18>

08048810 <fputc@plt>:
 8048810:	ff 25 20 a1 04 08    	jmp    *0x804a120
 8048816:	68 68 00 00 00       	push   $0x68
 804881b:	e9 10 ff ff ff       	jmp    8048730 <_init+0x18>

08048820 <__libc_start_main@plt>:
 8048820:	ff 25 24 a1 04 08    	jmp    *0x804a124
 8048826:	68 70 00 00 00       	push   $0x70
 804882b:	e9 00 ff ff ff       	jmp    8048730 <_init+0x18>

08048830 <printf@plt>:
 8048830:	ff 25 28 a1 04 08    	jmp    *0x804a128
 8048836:	68 78 00 00 00       	push   $0x78
 804883b:	e9 f0 fe ff ff       	jmp    8048730 <_init+0x18>

08048840 <fclose@plt>:
 8048840:	ff 25 2c a1 04 08    	jmp    *0x804a12c
 8048846:	68 80 00 00 00       	push   $0x80
 804884b:	e9 e0 fe ff ff       	jmp    8048730 <_init+0x18>

08048850 <gethostbyname@plt>:
 8048850:	ff 25 30 a1 04 08    	jmp    *0x804a130
 8048856:	68 88 00 00 00       	push   $0x88
 804885b:	e9 d0 fe ff ff       	jmp    8048730 <_init+0x18>

08048860 <exit@plt>:
 8048860:	ff 25 34 a1 04 08    	jmp    *0x804a134
 8048866:	68 90 00 00 00       	push   $0x90
 804886b:	e9 c0 fe ff ff       	jmp    8048730 <_init+0x18>

08048870 <sscanf@plt>:
 8048870:	ff 25 38 a1 04 08    	jmp    *0x804a138
 8048876:	68 98 00 00 00       	push   $0x98
 804887b:	e9 b0 fe ff ff       	jmp    8048730 <_init+0x18>

08048880 <connect@plt>:
 8048880:	ff 25 3c a1 04 08    	jmp    *0x804a13c
 8048886:	68 a0 00 00 00       	push   $0xa0
 804888b:	e9 a0 fe ff ff       	jmp    8048730 <_init+0x18>

08048890 <fopen@plt>:
 8048890:	ff 25 40 a1 04 08    	jmp    *0x804a140
 8048896:	68 a8 00 00 00       	push   $0xa8
 804889b:	e9 90 fe ff ff       	jmp    8048730 <_init+0x18>

080488a0 <dup@plt>:
 80488a0:	ff 25 44 a1 04 08    	jmp    *0x804a144
 80488a6:	68 b0 00 00 00       	push   $0xb0
 80488ab:	e9 80 fe ff ff       	jmp    8048730 <_init+0x18>

080488b0 <sprintf@plt>:
 80488b0:	ff 25 48 a1 04 08    	jmp    *0x804a148
 80488b6:	68 b8 00 00 00       	push   $0xb8
 80488bb:	e9 70 fe ff ff       	jmp    8048730 <_init+0x18>

080488c0 <fwrite@plt>:
 80488c0:	ff 25 4c a1 04 08    	jmp    *0x804a14c
 80488c6:	68 c0 00 00 00       	push   $0xc0
 80488cb:	e9 60 fe ff ff       	jmp    8048730 <_init+0x18>

080488d0 <socket@plt>:
 80488d0:	ff 25 50 a1 04 08    	jmp    *0x804a150
 80488d6:	68 c8 00 00 00       	push   $0xc8
 80488db:	e9 50 fe ff ff       	jmp    8048730 <_init+0x18>

080488e0 <__ctype_b_loc@plt>:
 80488e0:	ff 25 54 a1 04 08    	jmp    *0x804a154
 80488e6:	68 d0 00 00 00       	push   $0xd0
 80488eb:	e9 40 fe ff ff       	jmp    8048730 <_init+0x18>

080488f0 <cuserid@plt>:
 80488f0:	ff 25 58 a1 04 08    	jmp    *0x804a158
 80488f6:	68 d8 00 00 00       	push   $0xd8
 80488fb:	e9 30 fe ff ff       	jmp    8048730 <_init+0x18>

08048900 <strcpy@plt>:
 8048900:	ff 25 5c a1 04 08    	jmp    *0x804a15c
 8048906:	68 e0 00 00 00       	push   $0xe0
 804890b:	e9 20 fe ff ff       	jmp    8048730 <_init+0x18>
Disassembly of section .text:

08048910 <_start>:
 8048910:	31 ed                	xor    %ebp,%ebp
 8048912:	5e                   	pop    %esi
 8048913:	89 e1                	mov    %esp,%ecx
 8048915:	83 e4 f0             	and    $0xfffffff0,%esp
 8048918:	50                   	push   %eax
 8048919:	54                   	push   %esp
 804891a:	52                   	push   %edx
 804891b:	68 8c 94 04 08       	push   $0x804948c
 8048920:	68 38 94 04 08       	push   $0x8049438
 8048925:	51                   	push   %ecx
 8048926:	56                   	push   %esi
 8048927:	68 b8 89 04 08       	push   $0x80489b8
 804892c:	e8 ef fe ff ff       	call   8048820 <__libc_start_main@plt>
 8048931:	f4                   	hlt    
 8048932:	90                   	nop    
 8048933:	90                   	nop    

08048934 <call_gmon_start>:
 8048934:	55                   	push   %ebp
 8048935:	89 e5                	mov    %esp,%ebp
 8048937:	53                   	push   %ebx
 8048938:	e8 00 00 00 00       	call   804893d <call_gmon_start+0x9>
 804893d:	5b                   	pop    %ebx
 804893e:	81 c3 a3 17 00 00    	add    $0x17a3,%ebx
 8048944:	52                   	push   %edx
 8048945:	8b 83 fc ff ff ff    	mov    0xfffffffc(%ebx),%eax
 804894b:	85 c0                	test   %eax,%eax
 804894d:	74 02                	je     8048951 <call_gmon_start+0x1d>
 804894f:	ff d0                	call   *%eax
 8048951:	58                   	pop    %eax
 8048952:	5b                   	pop    %ebx
 8048953:	c9                   	leave  
 8048954:	c3                   	ret    
 8048955:	90                   	nop    
 8048956:	90                   	nop    
 8048957:	90                   	nop    

08048958 <__do_global_dtors_aux>:
 8048958:	55                   	push   %ebp
 8048959:	89 e5                	mov    %esp,%ebp
 804895b:	83 ec 08             	sub    $0x8,%esp
 804895e:	80 3d 68 a8 04 08 00 	cmpb   $0x0,0x804a868
 8048965:	74 0f                	je     8048976 <__do_global_dtors_aux+0x1e>
 8048967:	eb 1f                	jmp    8048988 <__do_global_dtors_aux+0x30>
 8048969:	8d 76 00             	lea    0x0(%esi),%esi
 804896c:	83 c0 04             	add    $0x4,%eax
 804896f:	a3 68 a1 04 08       	mov    %eax,0x804a168
 8048974:	ff d2                	call   *%edx
 8048976:	a1 68 a1 04 08       	mov    0x804a168,%eax
 804897b:	8b 10                	mov    (%eax),%edx
 804897d:	85 d2                	test   %edx,%edx
 804897f:	75 eb                	jne    804896c <__do_global_dtors_aux+0x14>
 8048981:	c6 05 68 a8 04 08 01 	movb   $0x1,0x804a868
 8048988:	c9                   	leave  
 8048989:	c3                   	ret    
 804898a:	89 f6                	mov    %esi,%esi

0804898c <frame_dummy>:
 804898c:	55                   	push   %ebp
 804898d:	89 e5                	mov    %esp,%ebp
 804898f:	83 ec 08             	sub    $0x8,%esp
 8048992:	a1 10 a0 04 08       	mov    0x804a010,%eax
 8048997:	85 c0                	test   %eax,%eax
 8048999:	74 19                	je     80489b4 <frame_dummy+0x28>
 804899b:	b8 00 00 00 00       	mov    $0x0,%eax
 80489a0:	85 c0                	test   %eax,%eax
 80489a2:	74 10                	je     80489b4 <frame_dummy+0x28>
 80489a4:	83 ec 0c             	sub    $0xc,%esp
 80489a7:	68 10 a0 04 08       	push   $0x804a010
 80489ac:	ff d0                	call   *%eax
 80489ae:	83 c4 10             	add    $0x10,%esp
 80489b1:	8d 76 00             	lea    0x0(%esi),%esi
 80489b4:	c9                   	leave  
 80489b5:	c3                   	ret    
 80489b6:	90                   	nop    
 80489b7:	90                   	nop    

080489b8 <main>:
 80489b8:	55                   	push   %ebp
 80489b9:	89 e5                	mov    %esp,%ebp
 80489bb:	53                   	push   %ebx
 80489bc:	83 ec 04             	sub    $0x4,%esp
 80489bf:	8b 45 08             	mov    0x8(%ebp),%eax
 80489c2:	8b 5d 0c             	mov    0xc(%ebp),%ebx
 80489c5:	83 e4 f0             	and    $0xfffffff0,%esp
 80489c8:	83 ec 10             	sub    $0x10,%esp
 80489cb:	83 f8 01             	cmp    $0x1,%eax
 80489ce:	75 0c                	jne    80489dc <main+0x24>
 80489d0:	a1 64 a8 04 08       	mov    0x804a864,%eax
 80489d5:	a3 70 a8 04 08       	mov    %eax,0x804a870
 80489da:	eb 5a                	jmp    8048a36 <main+0x7e>
 80489dc:	83 f8 02             	cmp    $0x2,%eax
 80489df:	75 3a                	jne    8048a1b <main+0x63>
 80489e1:	83 ec 08             	sub    $0x8,%esp
 80489e4:	68 72 97 04 08       	push   $0x8049772
 80489e9:	ff 73 04             	pushl  0x4(%ebx)
 80489ec:	e8 9f fe ff ff       	call   8048890 <fopen@plt>
 80489f1:	a3 70 a8 04 08       	mov    %eax,0x804a870
 80489f6:	83 c4 10             	add    $0x10,%esp
 80489f9:	85 c0                	test   %eax,%eax
 80489fb:	75 39                	jne    8048a36 <main+0x7e>
 80489fd:	83 ec 04             	sub    $0x4,%esp
 8048a00:	ff 73 04             	pushl  0x4(%ebx)
 8048a03:	ff 33                	pushl  (%ebx)
 8048a05:	68 18 95 04 08       	push   $0x8049518
 8048a0a:	e8 21 fe ff ff       	call   8048830 <printf@plt>
 8048a0f:	c7 04 24 08 00 00 00 	movl   $0x8,(%esp)
 8048a16:	e8 45 fe ff ff       	call   8048860 <exit@plt>
 8048a1b:	83 ec 08             	sub    $0x8,%esp
 8048a1e:	ff 33                	pushl  (%ebx)
 8048a20:	68 35 95 04 08       	push   $0x8049535
 8048a25:	e8 06 fe ff ff       	call   8048830 <printf@plt>
 8048a2a:	c7 04 24 08 00 00 00 	movl   $0x8,(%esp)
 8048a31:	e8 2a fe ff ff       	call   8048860 <exit@plt>
 8048a36:	e8 b4 05 00 00       	call   8048fef <initialize_bomb>
 8048a3b:	83 ec 0c             	sub    $0xc,%esp
 8048a3e:	68 9c 95 04 08       	push   $0x804959c
 8048a43:	e8 88 fd ff ff       	call   80487d0 <puts@plt>
 8048a48:	c7 04 24 d8 95 04 08 	movl   $0x80495d8,(%esp)
 8048a4f:	e8 7c fd ff ff       	call   80487d0 <puts@plt>
 8048a54:	e8 2a 06 00 00       	call   8049083 <read_line>
 8048a59:	89 04 24             	mov    %eax,(%esp)
 8048a5c:	e8 a7 00 00 00       	call   8048b08 <phase_1>
 8048a61:	e8 58 09 00 00       	call   80493be <phase_defused>
 8048a66:	c7 04 24 04 96 04 08 	movl   $0x8049604,(%esp)
 8048a6d:	e8 5e fd ff ff       	call   80487d0 <puts@plt>
 8048a72:	e8 0c 06 00 00       	call   8049083 <read_line>
 8048a77:	89 04 24             	mov    %eax,(%esp)
 8048a7a:	e8 aa 00 00 00       	call   8048b29 <phase_2>
 8048a7f:	e8 3a 09 00 00       	call   80493be <phase_defused>
 8048a84:	c7 04 24 4f 95 04 08 	movl   $0x804954f,(%esp)
 8048a8b:	e8 40 fd ff ff       	call   80487d0 <puts@plt>
 8048a90:	e8 ee 05 00 00       	call   8049083 <read_line>
 8048a95:	89 04 24             	mov    %eax,(%esp)
 8048a98:	e8 d0 00 00 00       	call   8048b6d <phase_3>
 8048a9d:	e8 1c 09 00 00       	call   80493be <phase_defused>
 8048aa2:	c7 04 24 6d 95 04 08 	movl   $0x804956d,(%esp)
 8048aa9:	e8 22 fd ff ff       	call   80487d0 <puts@plt>
 8048aae:	e8 d0 05 00 00       	call   8049083 <read_line>
 8048ab3:	89 04 24             	mov    %eax,(%esp)
 8048ab6:	e8 61 01 00 00       	call   8048c1c <phase_4>
 8048abb:	e8 fe 08 00 00       	call   80493be <phase_defused>
 8048ac0:	c7 04 24 30 96 04 08 	movl   $0x8049630,(%esp)
 8048ac7:	e8 04 fd ff ff       	call   80487d0 <puts@plt>
 8048acc:	e8 b2 05 00 00       	call   8049083 <read_line>
 8048ad1:	89 04 24             	mov    %eax,(%esp)
 8048ad4:	e8 86 01 00 00       	call   8048c5f <phase_5>
 8048ad9:	e8 e0 08 00 00       	call   80493be <phase_defused>
 8048ade:	c7 04 24 7c 95 04 08 	movl   $0x804957c,(%esp)
 8048ae5:	e8 e6 fc ff ff       	call   80487d0 <puts@plt>
 8048aea:	e8 94 05 00 00       	call   8049083 <read_line>
 8048aef:	89 04 24             	mov    %eax,(%esp)
 8048af2:	e8 20 02 00 00       	call   8048d17 <phase_6>
 8048af7:	e8 c2 08 00 00       	call   80493be <phase_defused>
 8048afc:	b8 00 00 00 00       	mov    $0x0,%eax
 8048b01:	8b 5d fc             	mov    0xfffffffc(%ebp),%ebx
 8048b04:	c9                   	leave  
 8048b05:	c3                   	ret    
 8048b06:	90                   	nop    
 8048b07:	90                   	nop    

08048b08 <phase_1>:
 8048b08:	55                   	push   %ebp
 8048b09:	89 e5                	mov    %esp,%ebp
 8048b0b:	83 ec 10             	sub    $0x10,%esp
 8048b0e:	68 54 96 04 08       	push   $0x8049654
 8048b13:	ff 75 08             	pushl  0x8(%ebp)
 8048b16:	e8 ad 03 00 00       	call   8048ec8 <strings_not_equal>
 8048b1b:	83 c4 10             	add    $0x10,%esp
 8048b1e:	85 c0                	test   %eax,%eax
 8048b20:	74 05                	je     8048b27 <phase_1+0x1f>
 8048b22:	e8 6f 08 00 00       	call   8049396 <explode_bomb>
 8048b27:	c9                   	leave  
 8048b28:	c3                   	ret    

08048b29 <phase_2>:
 8048b29:	55                   	push   %ebp
 8048b2a:	89 e5                	mov    %esp,%ebp
 8048b2c:	53                   	push   %ebx
 8048b2d:	83 ec 2c             	sub    $0x2c,%esp
 8048b30:	8d 45 d8             	lea    0xffffffd8(%ebp),%eax
 8048b33:	50                   	push   %eax
 8048b34:	ff 75 08             	pushl  0x8(%ebp)
 8048b37:	e8 39 03 00 00       	call   8048e75 <read_six_numbers>
 8048b3c:	83 c4 10             	add    $0x10,%esp
 8048b3f:	83 7d d8 01          	cmpl   $0x1,0xffffffd8(%ebp)
 8048b43:	74 05                	je     8048b4a <phase_2+0x21>
 8048b45:	e8 4c 08 00 00       	call   8049396 <explode_bomb>
 8048b4a:	bb 01 00 00 00       	mov    $0x1,%ebx
 8048b4f:	8d 43 01             	lea    0x1(%ebx),%eax
 8048b52:	0f af 44 9d d4       	imul   0xffffffd4(%ebp,%ebx,4),%eax
 8048b57:	39 44 9d d8          	cmp    %eax,0xffffffd8(%ebp,%ebx,4)
 8048b5b:	74 05                	je     8048b62 <phase_2+0x39>
 8048b5d:	e8 34 08 00 00       	call   8049396 <explode_bomb>
 8048b62:	43                   	inc    %ebx
 8048b63:	83 fb 05             	cmp    $0x5,%ebx
 8048b66:	7e e7                	jle    8048b4f <phase_2+0x26>
 8048b68:	8b 5d fc             	mov    0xfffffffc(%ebp),%ebx
 8048b6b:	c9                   	leave  
 8048b6c:	c3                   	ret    

08048b6d <phase_3>:
 8048b6d:	55                   	push   %ebp
 8048b6e:	89 e5                	mov    %esp,%ebp
 8048b70:	53                   	push   %ebx
 8048b71:	83 ec 14             	sub    $0x14,%esp
 8048b74:	bb 00 00 00 00       	mov    $0x0,%ebx
 8048b79:	8d 45 f8             	lea    0xfffffff8(%ebp),%eax
 8048b7c:	50                   	push   %eax
 8048b7d:	8d 45 f4             	lea    0xfffffff4(%ebp),%eax
 8048b80:	50                   	push   %eax
 8048b81:	68 ec 96 04 08       	push   $0x80496ec
 8048b86:	ff 75 08             	pushl  0x8(%ebp)
 8048b89:	e8 e2 fc ff ff       	call   8048870 <sscanf@plt>
 8048b8e:	83 c4 10             	add    $0x10,%esp
 8048b91:	83 f8 01             	cmp    $0x1,%eax
 8048b94:	7f 05                	jg     8048b9b <phase_3+0x2e>
 8048b96:	e8 fb 07 00 00       	call   8049396 <explode_bomb>
 8048b9b:	83 7d f4 07          	cmpl   $0x7,0xfffffff4(%ebp)
 8048b9f:	77 39                	ja     8048bda <phase_3+0x6d>
 8048ba1:	8b 45 f4             	mov    0xfffffff4(%ebp),%eax
 8048ba4:	ff 24 85 74 96 04 08 	jmp    *0x8049674(,%eax,4)
 8048bab:	81 c3 69 03 00 00    	add    $0x369,%ebx
 8048bb1:	81 eb cd 02 00 00    	sub    $0x2cd,%ebx
 8048bb7:	81 c3 7c 01 00 00    	add    $0x17c,%ebx
 8048bbd:	81 eb 24 01 00 00    	sub    $0x124,%ebx
 8048bc3:	81 c3 0d 02 00 00    	add    $0x20d,%ebx
 8048bc9:	81 eb 08 03 00 00    	sub    $0x308,%ebx
 8048bcf:	81 c3 08 03 00 00    	add    $0x308,%ebx
 8048bd5:	83 eb 61             	sub    $0x61,%ebx
 8048bd8:	eb 05                	jmp    8048bdf <phase_3+0x72>
 8048bda:	e8 b7 07 00 00       	call   8049396 <explode_bomb>
 8048bdf:	83 7d f4 05          	cmpl   $0x5,0xfffffff4(%ebp)
 8048be3:	7f 05                	jg     8048bea <phase_3+0x7d>
 8048be5:	3b 5d f8             	cmp    0xfffffff8(%ebp),%ebx
 8048be8:	74 05                	je     8048bef <phase_3+0x82>
 8048bea:	e8 a7 07 00 00       	call   8049396 <explode_bomb>
 8048bef:	8b 5d fc             	mov    0xfffffffc(%ebp),%ebx
 8048bf2:	c9                   	leave  
 8048bf3:	c3                   	ret    

08048bf4 <func4>:
 8048bf4:	55                   	push   %ebp
 8048bf5:	89 e5                	mov    %esp,%ebp
 8048bf7:	8b 55 08             	mov    0x8(%ebp),%edx
 8048bfa:	b8 01 00 00 00       	mov    $0x1,%eax
 8048bff:	85 d2                	test   %edx,%edx
 8048c01:	7e 17                	jle    8048c1a <func4+0x26>
 8048c03:	83 ec 0c             	sub    $0xc,%esp
 8048c06:	8d 42 ff             	lea    0xffffffff(%edx),%eax
 8048c09:	50                   	push   %eax
 8048c0a:	e8 e5 ff ff ff       	call   8048bf4 <func4>
 8048c0f:	8d 14 c5 00 00 00 00 	lea    0x0(,%eax,8),%edx
 8048c16:	29 c2                	sub    %eax,%edx
 8048c18:	89 d0                	mov    %edx,%eax
 8048c1a:	c9                   	leave  
 8048c1b:	c3                   	ret    

08048c1c <phase_4>:
 8048c1c:	55                   	push   %ebp
 8048c1d:	89 e5                	mov    %esp,%ebp
 8048c1f:	83 ec 0c             	sub    $0xc,%esp
 8048c22:	8d 45 fc             	lea    0xfffffffc(%ebp),%eax
 8048c25:	50                   	push   %eax
 8048c26:	68 ef 96 04 08       	push   $0x80496ef
 8048c2b:	ff 75 08             	pushl  0x8(%ebp)
 8048c2e:	e8 3d fc ff ff       	call   8048870 <sscanf@plt>
 8048c33:	83 c4 10             	add    $0x10,%esp
 8048c36:	83 f8 01             	cmp    $0x1,%eax
 8048c39:	75 06                	jne    8048c41 <phase_4+0x25>
 8048c3b:	83 7d fc 00          	cmpl   $0x0,0xfffffffc(%ebp)
 8048c3f:	7f 05                	jg     8048c46 <phase_4+0x2a>
 8048c41:	e8 50 07 00 00       	call   8049396 <explode_bomb>
 8048c46:	ff 75 fc             	pushl  0xfffffffc(%ebp)
 8048c49:	e8 a6 ff ff ff       	call   8048bf4 <func4>
 8048c4e:	83 c4 04             	add    $0x4,%esp
 8048c51:	3d a7 41 00 00       	cmp    $0x41a7,%eax
 8048c56:	74 05                	je     8048c5d <phase_4+0x41>
 8048c58:	e8 39 07 00 00       	call   8049396 <explode_bomb>
 8048c5d:	c9                   	leave  
 8048c5e:	c3                   	ret    

08048c5f <phase_5>:
 8048c5f:	55                   	push   %ebp
 8048c60:	89 e5                	mov    %esp,%ebp
 8048c62:	53                   	push   %ebx
 8048c63:	83 ec 14             	sub    $0x14,%esp
 8048c66:	8d 45 f8             	lea    0xfffffff8(%ebp),%eax
 8048c69:	50                   	push   %eax
 8048c6a:	8d 45 f4             	lea    0xfffffff4(%ebp),%eax
 8048c6d:	50                   	push   %eax
 8048c6e:	68 ec 96 04 08       	push   $0x80496ec
 8048c73:	ff 75 08             	pushl  0x8(%ebp)
 8048c76:	e8 f5 fb ff ff       	call   8048870 <sscanf@plt>
 8048c7b:	83 c4 10             	add    $0x10,%esp
 8048c7e:	83 f8 01             	cmp    $0x1,%eax
 8048c81:	7f 05                	jg     8048c88 <phase_5+0x29>
 8048c83:	e8 0e 07 00 00       	call   8049396 <explode_bomb>
 8048c88:	8b 45 f4             	mov    0xfffffff4(%ebp),%eax
 8048c8b:	83 e0 0f             	and    $0xf,%eax
 8048c8e:	89 45 f4             	mov    %eax,0xfffffff4(%ebp)
 8048c91:	ba 00 00 00 00       	mov    $0x0,%edx
 8048c96:	b9 00 00 00 00       	mov    $0x0,%ecx
 8048c9b:	83 f8 0f             	cmp    $0xf,%eax
 8048c9e:	74 13                	je     8048cb3 <phase_5+0x54>
 8048ca0:	bb a0 a5 04 08       	mov    $0x804a5a0,%ebx
 8048ca5:	42                   	inc    %edx
 8048ca6:	8b 04 83             	mov    (%ebx,%eax,4),%eax
 8048ca9:	01 c1                	add    %eax,%ecx
 8048cab:	83 f8 0f             	cmp    $0xf,%eax
 8048cae:	75 f5                	jne    8048ca5 <phase_5+0x46>
 8048cb0:	89 45 f4             	mov    %eax,0xfffffff4(%ebp)
 8048cb3:	83 fa 0a             	cmp    $0xa,%edx
 8048cb6:	75 05                	jne    8048cbd <phase_5+0x5e>
 8048cb8:	3b 4d f8             	cmp    0xfffffff8(%ebp),%ecx
 8048cbb:	74 05                	je     8048cc2 <phase_5+0x63>
 8048cbd:	e8 d4 06 00 00       	call   8049396 <explode_bomb>
 8048cc2:	8b 5d fc             	mov    0xfffffffc(%ebp),%ebx
 8048cc5:	c9                   	leave  
 8048cc6:	c3                   	ret    

08048cc7 <fun6>:
 8048cc7:	55                   	push   %ebp
 8048cc8:	89 e5                	mov    %esp,%ebp
 8048cca:	56                   	push   %esi
 8048ccb:	53                   	push   %ebx
 8048ccc:	8b 75 08             	mov    0x8(%ebp),%esi
 8048ccf:	8b 5e 08             	mov    0x8(%esi),%ebx
 8048cd2:	c7 46 08 00 00 00 00 	movl   $0x0,0x8(%esi)
 8048cd9:	85 db                	test   %ebx,%ebx
 8048cdb:	74 34                	je     8048d11 <fun6+0x4a>
 8048cdd:	89 f2                	mov    %esi,%edx
 8048cdf:	89 f1                	mov    %esi,%ecx
 8048ce1:	85 f6                	test   %esi,%esi
 8048ce3:	74 15                	je     8048cfa <fun6+0x33>
 8048ce5:	8b 06                	mov    (%esi),%eax
 8048ce7:	3b 03                	cmp    (%ebx),%eax
 8048ce9:	7e 0f                	jle    8048cfa <fun6+0x33>
 8048ceb:	89 d1                	mov    %edx,%ecx
 8048ced:	8b 52 08             	mov    0x8(%edx),%edx
 8048cf0:	85 d2                	test   %edx,%edx
 8048cf2:	74 06                	je     8048cfa <fun6+0x33>
 8048cf4:	8b 02                	mov    (%edx),%eax
 8048cf6:	3b 03                	cmp    (%ebx),%eax
 8048cf8:	7f f1                	jg     8048ceb <fun6+0x24>
 8048cfa:	39 d1                	cmp    %edx,%ecx
 8048cfc:	74 05                	je     8048d03 <fun6+0x3c>
 8048cfe:	89 59 08             	mov    %ebx,0x8(%ecx)
 8048d01:	eb 02                	jmp    8048d05 <fun6+0x3e>
 8048d03:	89 de                	mov    %ebx,%esi
 8048d05:	8b 4b 08             	mov    0x8(%ebx),%ecx
 8048d08:	89 53 08             	mov    %edx,0x8(%ebx)
 8048d0b:	89 cb                	mov    %ecx,%ebx
 8048d0d:	85 c9                	test   %ecx,%ecx
 8048d0f:	75 cc                	jne    8048cdd <fun6+0x16>
 8048d11:	89 f0                	mov    %esi,%eax
 8048d13:	5b                   	pop    %ebx
 8048d14:	5e                   	pop    %esi
 8048d15:	c9                   	leave  
 8048d16:	c3                   	ret    

08048d17 <phase_6>:
 8048d17:	55                   	push   %ebp
 8048d18:	89 e5                	mov    %esp,%ebp
 8048d1a:	83 ec 08             	sub    $0x8,%esp
 8048d1d:	6a 00                	push   $0x0
 8048d1f:	6a 0a                	push   $0xa
 8048d21:	6a 00                	push   $0x0
 8048d23:	ff 75 08             	pushl  0x8(%ebp)
 8048d26:	e8 d5 fa ff ff       	call   8048800 <__strtol_internal@plt>
 8048d2b:	83 c4 10             	add    $0x10,%esp
 8048d2e:	a3 4c a6 04 08       	mov    %eax,0x804a64c
 8048d33:	68 4c a6 04 08       	push   $0x804a64c
 8048d38:	e8 8a ff ff ff       	call   8048cc7 <fun6>
 8048d3d:	ba 01 00 00 00       	mov    $0x1,%edx
 8048d42:	83 c4 04             	add    $0x4,%esp
 8048d45:	8b 40 08             	mov    0x8(%eax),%eax
 8048d48:	42                   	inc    %edx
 8048d49:	83 fa 08             	cmp    $0x8,%edx
 8048d4c:	7e f7                	jle    8048d45 <phase_6+0x2e>
 8048d4e:	8b 00                	mov    (%eax),%eax
 8048d50:	3b 05 4c a6 04 08    	cmp    0x804a64c,%eax
 8048d56:	74 05                	je     8048d5d <phase_6+0x46>
 8048d58:	e8 39 06 00 00       	call   8049396 <explode_bomb>
 8048d5d:	c9                   	leave  
 8048d5e:	c3                   	ret    

08048d5f <fun7>:
 8048d5f:	55                   	push   %ebp
 8048d60:	89 e5                	mov    %esp,%ebp
 8048d62:	8b 55 08             	mov    0x8(%ebp),%edx
 8048d65:	8b 4d 0c             	mov    0xc(%ebp),%ecx
 8048d68:	b8 ff ff ff ff       	mov    $0xffffffff,%eax
 8048d6d:	85 d2                	test   %edx,%edx
 8048d6f:	74 2d                	je     8048d9e <fun7+0x3f>
 8048d71:	39 0a                	cmp    %ecx,(%edx)
 8048d73:	7e 10                	jle    8048d85 <fun7+0x26>
 8048d75:	83 ec 08             	sub    $0x8,%esp
 8048d78:	51                   	push   %ecx
 8048d79:	ff 72 04             	pushl  0x4(%edx)
 8048d7c:	e8 de ff ff ff       	call   8048d5f <fun7>
 8048d81:	d1 e0                	shl    %eax
 8048d83:	eb 19                	jmp    8048d9e <fun7+0x3f>
 8048d85:	b8 00 00 00 00       	mov    $0x0,%eax
 8048d8a:	39 0a                	cmp    %ecx,(%edx)
 8048d8c:	74 10                	je     8048d9e <fun7+0x3f>
 8048d8e:	83 ec 08             	sub    $0x8,%esp
 8048d91:	51                   	push   %ecx
 8048d92:	ff 72 08             	pushl  0x8(%edx)
 8048d95:	e8 c5 ff ff ff       	call   8048d5f <fun7>
 8048d9a:	8d 44 00 01          	lea    0x1(%eax,%eax,1),%eax
 8048d9e:	c9                   	leave  
 8048d9f:	c3                   	ret    

08048da0 <secret_phase>:
 8048da0:	55                   	push   %ebp
 8048da1:	89 e5                	mov    %esp,%ebp
 8048da3:	53                   	push   %ebx
 8048da4:	83 ec 04             	sub    $0x4,%esp
 8048da7:	e8 d7 02 00 00       	call   8049083 <read_line>
 8048dac:	6a 00                	push   $0x0
 8048dae:	6a 0a                	push   $0xa
 8048db0:	6a 00                	push   $0x0
 8048db2:	50                   	push   %eax
 8048db3:	e8 48 fa ff ff       	call   8048800 <__strtol_internal@plt>
 8048db8:	83 c4 10             	add    $0x10,%esp
 8048dbb:	89 c3                	mov    %eax,%ebx
 8048dbd:	8d 40 ff             	lea    0xffffffff(%eax),%eax
 8048dc0:	3d e8 03 00 00       	cmp    $0x3e8,%eax
 8048dc5:	76 05                	jbe    8048dcc <secret_phase+0x2c>
 8048dc7:	e8 ca 05 00 00       	call   8049396 <explode_bomb>
 8048dcc:	53                   	push   %ebx
 8048dcd:	68 00 a7 04 08       	push   $0x804a700
 8048dd2:	e8 88 ff ff ff       	call   8048d5f <fun7>
 8048dd7:	83 c4 08             	add    $0x8,%esp
 8048dda:	83 f8 02             	cmp    $0x2,%eax
 8048ddd:	74 05                	je     8048de4 <secret_phase+0x44>
 8048ddf:	e8 b2 05 00 00       	call   8049396 <explode_bomb>
 8048de4:	83 ec 0c             	sub    $0xc,%esp
 8048de7:	68 94 96 04 08       	push   $0x8049694
 8048dec:	e8 df f9 ff ff       	call   80487d0 <puts@plt>
 8048df1:	e8 c8 05 00 00       	call   80493be <phase_defused>
 8048df6:	8b 5d fc             	mov    0xfffffffc(%ebp),%ebx
 8048df9:	c9                   	leave  
 8048dfa:	c3                   	ret    
 8048dfb:	90                   	nop    

08048dfc <sig_handler>:
 8048dfc:	55                   	push   %ebp
 8048dfd:	89 e5                	mov    %esp,%ebp
 8048dff:	83 ec 14             	sub    $0x14,%esp
 8048e02:	68 d8 98 04 08       	push   $0x80498d8
 8048e07:	e8 c4 f9 ff ff       	call   80487d0 <puts@plt>
 8048e0c:	c7 04 24 03 00 00 00 	movl   $0x3,(%esp)
 8048e13:	e8 d8 f9 ff ff       	call   80487f0 <sleep@plt>
 8048e18:	c7 04 24 bf 96 04 08 	movl   $0x80496bf,(%esp)
 8048e1f:	e8 0c fa ff ff       	call   8048830 <printf@plt>
 8048e24:	83 c4 04             	add    $0x4,%esp
 8048e27:	ff 35 60 a8 04 08    	pushl  0x804a860
 8048e2d:	e8 5e f9 ff ff       	call   8048790 <fflush@plt>
 8048e32:	c7 04 24 01 00 00 00 	movl   $0x1,(%esp)
 8048e39:	e8 b2 f9 ff ff       	call   80487f0 <sleep@plt>
 8048e3e:	c7 04 24 c7 96 04 08 	movl   $0x80496c7,(%esp)
 8048e45:	e8 86 f9 ff ff       	call   80487d0 <puts@plt>
 8048e4a:	c7 04 24 10 00 00 00 	movl   $0x10,(%esp)
 8048e51:	e8 0a fa ff ff       	call   8048860 <exit@plt>

08048e56 <invalid_phase>:
 8048e56:	55                   	push   %ebp
 8048e57:	89 e5                	mov    %esp,%ebp
 8048e59:	83 ec 10             	sub    $0x10,%esp
 8048e5c:	ff 75 08             	pushl  0x8(%ebp)
 8048e5f:	68 cf 96 04 08       	push   $0x80496cf
 8048e64:	e8 c7 f9 ff ff       	call   8048830 <printf@plt>
 8048e69:	c7 04 24 08 00 00 00 	movl   $0x8,(%esp)
 8048e70:	e8 eb f9 ff ff       	call   8048860 <exit@plt>

08048e75 <read_six_numbers>:
 8048e75:	55                   	push   %ebp
 8048e76:	89 e5                	mov    %esp,%ebp
 8048e78:	83 ec 08             	sub    $0x8,%esp
 8048e7b:	8b 55 0c             	mov    0xc(%ebp),%edx
 8048e7e:	8d 42 14             	lea    0x14(%edx),%eax
 8048e81:	50                   	push   %eax
 8048e82:	8d 42 10             	lea    0x10(%edx),%eax
 8048e85:	50                   	push   %eax
 8048e86:	8d 42 0c             	lea    0xc(%edx),%eax
 8048e89:	50                   	push   %eax
 8048e8a:	8d 42 08             	lea    0x8(%edx),%eax
 8048e8d:	50                   	push   %eax
 8048e8e:	8d 42 04             	lea    0x4(%edx),%eax
 8048e91:	50                   	push   %eax
 8048e92:	52                   	push   %edx
 8048e93:	68 e0 96 04 08       	push   $0x80496e0
 8048e98:	ff 75 08             	pushl  0x8(%ebp)
 8048e9b:	e8 d0 f9 ff ff       	call   8048870 <sscanf@plt>
 8048ea0:	83 c4 20             	add    $0x20,%esp
 8048ea3:	83 f8 05             	cmp    $0x5,%eax
 8048ea6:	7f 05                	jg     8048ead <read_six_numbers+0x38>
 8048ea8:	e8 e9 04 00 00       	call   8049396 <explode_bomb>
 8048ead:	c9                   	leave  
 8048eae:	c3                   	ret    

08048eaf <string_length>:
 8048eaf:	55                   	push   %ebp
 8048eb0:	89 e5                	mov    %esp,%ebp
 8048eb2:	8b 55 08             	mov    0x8(%ebp),%edx
 8048eb5:	b8 00 00 00 00       	mov    $0x0,%eax
 8048eba:	80 3a 00             	cmpb   $0x0,(%edx)
 8048ebd:	74 07                	je     8048ec6 <string_length+0x17>
 8048ebf:	42                   	inc    %edx
 8048ec0:	40                   	inc    %eax
 8048ec1:	80 3a 00             	cmpb   $0x0,(%edx)
 8048ec4:	75 f9                	jne    8048ebf <string_length+0x10>
 8048ec6:	c9                   	leave  
 8048ec7:	c3                   	ret    

08048ec8 <strings_not_equal>:
 8048ec8:	55                   	push   %ebp
 8048ec9:	89 e5                	mov    %esp,%ebp
 8048ecb:	57                   	push   %edi
 8048ecc:	56                   	push   %esi
 8048ecd:	53                   	push   %ebx
 8048ece:	8b 75 08             	mov    0x8(%ebp),%esi
 8048ed1:	8b 7d 0c             	mov    0xc(%ebp),%edi
 8048ed4:	56                   	push   %esi
 8048ed5:	e8 d5 ff ff ff       	call   8048eaf <string_length>
 8048eda:	89 c3                	mov    %eax,%ebx
 8048edc:	57                   	push   %edi
 8048edd:	e8 cd ff ff ff       	call   8048eaf <string_length>
 8048ee2:	83 c4 08             	add    $0x8,%esp
 8048ee5:	ba 01 00 00 00       	mov    $0x1,%edx
 8048eea:	39 c3                	cmp    %eax,%ebx
 8048eec:	75 24                	jne    8048f12 <strings_not_equal+0x4a>
 8048eee:	eb 07                	jmp    8048ef7 <strings_not_equal+0x2f>
 8048ef0:	ba 01 00 00 00       	mov    $0x1,%edx
 8048ef5:	eb 1b                	jmp    8048f12 <strings_not_equal+0x4a>
 8048ef7:	89 f2                	mov    %esi,%edx
 8048ef9:	89 f9                	mov    %edi,%ecx
 8048efb:	80 3e 00             	cmpb   $0x0,(%esi)
 8048efe:	74 0d                	je     8048f0d <strings_not_equal+0x45>
 8048f00:	8a 02                	mov    (%edx),%al
 8048f02:	3a 01                	cmp    (%ecx),%al
 8048f04:	75 ea                	jne    8048ef0 <strings_not_equal+0x28>
 8048f06:	42                   	inc    %edx
 8048f07:	41                   	inc    %ecx
 8048f08:	80 3a 00             	cmpb   $0x0,(%edx)
 8048f0b:	75 f3                	jne    8048f00 <strings_not_equal+0x38>
 8048f0d:	ba 00 00 00 00       	mov    $0x0,%edx
 8048f12:	89 d0                	mov    %edx,%eax
 8048f14:	8d 65 f4             	lea    0xfffffff4(%ebp),%esp
 8048f17:	5b                   	pop    %ebx
 8048f18:	5e                   	pop    %esi
 8048f19:	5f                   	pop    %edi
 8048f1a:	c9                   	leave  
 8048f1b:	c3                   	ret    

08048f1c <open_clientfd>:
 8048f1c:	55                   	push   %ebp
 8048f1d:	89 e5                	mov    %esp,%ebp
 8048f1f:	57                   	push   %edi
 8048f20:	56                   	push   %esi
 8048f21:	53                   	push   %ebx
 8048f22:	83 ec 20             	sub    $0x20,%esp
 8048f25:	8b 75 0c             	mov    0xc(%ebp),%esi
 8048f28:	6a 00                	push   $0x0
 8048f2a:	6a 01                	push   $0x1
 8048f2c:	6a 02                	push   $0x2
 8048f2e:	e8 9d f9 ff ff       	call   80488d0 <socket@plt>
 8048f33:	89 c3                	mov    %eax,%ebx
 8048f35:	83 c4 10             	add    $0x10,%esp
 8048f38:	85 c0                	test   %eax,%eax
 8048f3a:	79 19                	jns    8048f55 <open_clientfd+0x39>
 8048f3c:	83 ec 0c             	sub    $0xc,%esp
 8048f3f:	68 f2 96 04 08       	push   $0x80496f2
 8048f44:	e8 87 f8 ff ff       	call   80487d0 <puts@plt>
 8048f49:	c7 04 24 08 00 00 00 	movl   $0x8,(%esp)
 8048f50:	e8 0b f9 ff ff       	call   8048860 <exit@plt>
 8048f55:	83 ec 0c             	sub    $0xc,%esp
 8048f58:	ff 75 08             	pushl  0x8(%ebp)
 8048f5b:	e8 f0 f8 ff ff       	call   8048850 <gethostbyname@plt>
 8048f60:	89 c2                	mov    %eax,%edx
 8048f62:	83 c4 10             	add    $0x10,%esp
 8048f65:	85 c0                	test   %eax,%eax
 8048f67:	75 19                	jne    8048f82 <open_clientfd+0x66>
 8048f69:	83 ec 0c             	sub    $0xc,%esp
 8048f6c:	68 00 97 04 08       	push   $0x8049700
 8048f71:	e8 5a f8 ff ff       	call   80487d0 <puts@plt>
 8048f76:	c7 04 24 08 00 00 00 	movl   $0x8,(%esp)
 8048f7d:	e8 de f8 ff ff       	call   8048860 <exit@plt>
 8048f82:	8d 7d d8             	lea    0xffffffd8(%ebp),%edi
 8048f85:	fc                   	cld    
 8048f86:	b9 04 00 00 00       	mov    $0x4,%ecx
 8048f8b:	b8 00 00 00 00       	mov    $0x0,%eax
 8048f90:	f3 ab                	repz stos %eax,%es:(%edi)
 8048f92:	66 c7 45 d8 02 00    	movw   $0x2,0xffffffd8(%ebp)
 8048f98:	83 ec 04             	sub    $0x4,%esp
 8048f9b:	ff 72 0c             	pushl  0xc(%edx)
 8048f9e:	8d 45 dc             	lea    0xffffffdc(%ebp),%eax
 8048fa1:	50                   	push   %eax
 8048fa2:	8b 42 10             	mov    0x10(%edx),%eax
 8048fa5:	ff 30                	pushl  (%eax)
 8048fa7:	e8 f4 f7 ff ff       	call   80487a0 <bcopy@plt>
 8048fac:	83 c4 0c             	add    $0xc,%esp
 8048faf:	89 f0                	mov    %esi,%eax
 8048fb1:	66 c1 c8 08          	ror    $0x8,%ax
 8048fb5:	66 89 45 da          	mov    %ax,0xffffffda(%ebp)
 8048fb9:	6a 10                	push   $0x10
 8048fbb:	8d 45 d8             	lea    0xffffffd8(%ebp),%eax
 8048fbe:	50                   	push   %eax
 8048fbf:	53                   	push   %ebx
 8048fc0:	e8 bb f8 ff ff       	call   8048880 <connect@plt>
 8048fc5:	83 c4 10             	add    $0x10,%esp
 8048fc8:	85 c0                	test   %eax,%eax
 8048fca:	79 19                	jns    8048fe5 <open_clientfd+0xc9>
 8048fcc:	83 ec 0c             	sub    $0xc,%esp
 8048fcf:	68 0e 97 04 08       	push   $0x804970e
 8048fd4:	e8 f7 f7 ff ff       	call   80487d0 <puts@plt>
 8048fd9:	c7 04 24 08 00 00 00 	movl   $0x8,(%esp)
 8048fe0:	e8 7b f8 ff ff       	call   8048860 <exit@plt>
 8048fe5:	89 d8                	mov    %ebx,%eax
 8048fe7:	8d 65 f4             	lea    0xfffffff4(%ebp),%esp
 8048fea:	5b                   	pop    %ebx
 8048feb:	5e                   	pop    %esi
 8048fec:	5f                   	pop    %edi
 8048fed:	c9                   	leave  
 8048fee:	c3                   	ret    

08048fef <initialize_bomb>:
 8048fef:	55                   	push   %ebp
 8048ff0:	89 e5                	mov    %esp,%ebp
 8048ff2:	83 ec 10             	sub    $0x10,%esp
 8048ff5:	68 fc 8d 04 08       	push   $0x8048dfc
 8048ffa:	6a 02                	push   $0x2
 8048ffc:	e8 7f f7 ff ff       	call   8048780 <signal@plt>
 8049001:	c9                   	leave  
 8049002:	c3                   	ret    

08049003 <blank_line>:
 8049003:	55                   	push   %ebp
 8049004:	89 e5                	mov    %esp,%ebp
 8049006:	53                   	push   %ebx
 8049007:	83 ec 04             	sub    $0x4,%esp
 804900a:	8b 5d 08             	mov    0x8(%ebp),%ebx
 804900d:	80 3b 00             	cmpb   $0x0,(%ebx)
 8049010:	74 1e                	je     8049030 <blank_line+0x2d>
 8049012:	e8 c9 f8 ff ff       	call   80488e0 <__ctype_b_loc@plt>
 8049017:	8b 10                	mov    (%eax),%edx
 8049019:	0f be 03             	movsbl (%ebx),%eax
 804901c:	43                   	inc    %ebx
 804901d:	f6 44 42 01 20       	testb  $0x20,0x1(%edx,%eax,2)
 8049022:	75 07                	jne    804902b <blank_line+0x28>
 8049024:	b8 00 00 00 00       	mov    $0x0,%eax
 8049029:	eb 0a                	jmp    8049035 <blank_line+0x32>
 804902b:	80 3b 00             	cmpb   $0x0,(%ebx)
 804902e:	75 e9                	jne    8049019 <blank_line+0x16>
 8049030:	b8 01 00 00 00       	mov    $0x1,%eax
 8049035:	83 c4 04             	add    $0x4,%esp
 8049038:	5b                   	pop    %ebx
 8049039:	c9                   	leave  
 804903a:	c3                   	ret    

0804903b <skip>:
 804903b:	55                   	push   %ebp
 804903c:	89 e5                	mov    %esp,%ebp
 804903e:	53                   	push   %ebx
 804903f:	83 ec 04             	sub    $0x4,%esp
 8049042:	83 ec 04             	sub    $0x4,%esp
 8049045:	ff 35 70 a8 04 08    	pushl  0x804a870
 804904b:	6a 50                	push   $0x50
 804904d:	a1 6c a8 04 08       	mov    0x804a86c,%eax
 8049052:	8d 04 80             	lea    (%eax,%eax,4),%eax
 8049055:	c1 e0 04             	shl    $0x4,%eax
 8049058:	05 80 a8 04 08       	add    $0x804a880,%eax
 804905d:	50                   	push   %eax
 804905e:	e8 7d f7 ff ff       	call   80487e0 <fgets@plt>
 8049063:	89 c3                	mov    %eax,%ebx
 8049065:	83 c4 10             	add    $0x10,%esp
 8049068:	85 c0                	test   %eax,%eax
 804906a:	74 10                	je     804907c <skip+0x41>
 804906c:	83 ec 0c             	sub    $0xc,%esp
 804906f:	50                   	push   %eax
 8049070:	e8 8e ff ff ff       	call   8049003 <blank_line>
 8049075:	83 c4 10             	add    $0x10,%esp
 8049078:	85 c0                	test   %eax,%eax
 804907a:	75 c6                	jne    8049042 <skip+0x7>
 804907c:	89 d8                	mov    %ebx,%eax
 804907e:	8b 5d fc             	mov    0xfffffffc(%ebp),%ebx
 8049081:	c9                   	leave  
 8049082:	c3                   	ret    

08049083 <read_line>:
 8049083:	55                   	push   %ebp
 8049084:	89 e5                	mov    %esp,%ebp
 8049086:	57                   	push   %edi
 8049087:	83 ec 04             	sub    $0x4,%esp
 804908a:	e8 ac ff ff ff       	call   804903b <skip>
 804908f:	85 c0                	test   %eax,%eax
 8049091:	75 6a                	jne    80490fd <read_line+0x7a>
 8049093:	a1 70 a8 04 08       	mov    0x804a870,%eax
 8049098:	3b 05 64 a8 04 08    	cmp    0x804a864,%eax
 804909e:	75 17                	jne    80490b7 <read_line+0x34>
 80490a0:	83 ec 0c             	sub    $0xc,%esp
 80490a3:	68 1c 97 04 08       	push   $0x804971c
 80490a8:	e8 23 f7 ff ff       	call   80487d0 <puts@plt>
 80490ad:	e8 e4 02 00 00       	call   8049396 <explode_bomb>
 80490b2:	83 c4 10             	add    $0x10,%esp
 80490b5:	eb 46                	jmp    80490fd <read_line+0x7a>
 80490b7:	83 ec 0c             	sub    $0xc,%esp
 80490ba:	68 3a 97 04 08       	push   $0x804973a
 80490bf:	e8 ac f6 ff ff       	call   8048770 <getenv@plt>
 80490c4:	83 c4 10             	add    $0x10,%esp
 80490c7:	85 c0                	test   %eax,%eax
 80490c9:	74 0a                	je     80490d5 <read_line+0x52>
 80490cb:	83 ec 0c             	sub    $0xc,%esp
 80490ce:	6a 00                	push   $0x0
 80490d0:	e8 8b f7 ff ff       	call   8048860 <exit@plt>
 80490d5:	a1 64 a8 04 08       	mov    0x804a864,%eax
 80490da:	a3 70 a8 04 08       	mov    %eax,0x804a870
 80490df:	e8 57 ff ff ff       	call   804903b <skip>
 80490e4:	85 c0                	test   %eax,%eax
 80490e6:	75 15                	jne    80490fd <read_line+0x7a>
 80490e8:	83 ec 0c             	sub    $0xc,%esp
 80490eb:	68 1c 97 04 08       	push   $0x804971c
 80490f0:	e8 db f6 ff ff       	call   80487d0 <puts@plt>
 80490f5:	e8 9c 02 00 00       	call   8049396 <explode_bomb>
 80490fa:	83 c4 10             	add    $0x10,%esp
 80490fd:	a1 6c a8 04 08       	mov    0x804a86c,%eax
 8049102:	8d 04 80             	lea    (%eax,%eax,4),%eax
 8049105:	c1 e0 04             	shl    $0x4,%eax
 8049108:	8d b8 80 a8 04 08    	lea    0x804a880(%eax),%edi
 804910e:	fc                   	cld    
 804910f:	b9 ff ff ff ff       	mov    $0xffffffff,%ecx
 8049114:	b0 00                	mov    $0x0,%al
 8049116:	f2 ae                	repnz scas %es:(%edi),%al
 8049118:	f7 d1                	not    %ecx
 804911a:	8d 79 ff             	lea    0xffffffff(%ecx),%edi
 804911d:	83 ff 4f             	cmp    $0x4f,%edi
 8049120:	75 15                	jne    8049137 <read_line+0xb4>
 8049122:	83 ec 0c             	sub    $0xc,%esp
 8049125:	68 45 97 04 08       	push   $0x8049745
 804912a:	e8 a1 f6 ff ff       	call   80487d0 <puts@plt>
 804912f:	e8 62 02 00 00       	call   8049396 <explode_bomb>
 8049134:	83 c4 10             	add    $0x10,%esp
 8049137:	8b 15 6c a8 04 08    	mov    0x804a86c,%edx
 804913d:	8d 04 92             	lea    (%edx,%edx,4),%eax
 8049140:	c1 e0 04             	shl    $0x4,%eax
 8049143:	05 80 a8 04 08       	add    $0x804a880,%eax
 8049148:	c6 44 38 ff 00       	movb   $0x0,0xffffffff(%eax,%edi,1)
 804914d:	42                   	inc    %edx
 804914e:	89 15 6c a8 04 08    	mov    %edx,0x804a86c
 8049154:	8b 7d fc             	mov    0xfffffffc(%ebp),%edi
 8049157:	c9                   	leave  
 8049158:	c3                   	ret    

08049159 <send_msg>:
 8049159:	55                   	push   %ebp
 804915a:	89 e5                	mov    %esp,%ebp
 804915c:	57                   	push   %edi
 804915d:	56                   	push   %esi
 804915e:	53                   	push   %ebx
 804915f:	83 ec 78             	sub    $0x78,%esp
 8049162:	6a 00                	push   $0x0
 8049164:	e8 37 f7 ff ff       	call   80488a0 <dup@plt>
 8049169:	89 45 90             	mov    %eax,0xffffff90(%ebp)
 804916c:	83 c4 10             	add    $0x10,%esp
 804916f:	83 f8 ff             	cmp    $0xffffffff,%eax
 8049172:	75 19                	jne    804918d <send_msg+0x34>
 8049174:	83 ec 0c             	sub    $0xc,%esp
 8049177:	68 60 97 04 08       	push   $0x8049760
 804917c:	e8 4f f6 ff ff       	call   80487d0 <puts@plt>
 8049181:	c7 04 24 08 00 00 00 	movl   $0x8,(%esp)
 8049188:	e8 d3 f6 ff ff       	call   8048860 <exit@plt>
 804918d:	83 ec 0c             	sub    $0xc,%esp
 8049190:	6a 00                	push   $0x0
 8049192:	e8 a9 f5 ff ff       	call   8048740 <close@plt>
 8049197:	83 c4 10             	add    $0x10,%esp
 804919a:	83 f8 ff             	cmp    $0xffffffff,%eax
 804919d:	75 19                	jne    80491b8 <send_msg+0x5f>
 804919f:	83 ec 0c             	sub    $0xc,%esp
 80491a2:	68 74 97 04 08       	push   $0x8049774
 80491a7:	e8 24 f6 ff ff       	call   80487d0 <puts@plt>
 80491ac:	c7 04 24 08 00 00 00 	movl   $0x8,(%esp)
 80491b3:	e8 a8 f6 ff ff       	call   8048860 <exit@plt>
 80491b8:	e8 a3 f5 ff ff       	call   8048760 <tmpfile@plt>
 80491bd:	89 45 94             	mov    %eax,0xffffff94(%ebp)
 80491c0:	85 c0                	test   %eax,%eax
 80491c2:	75 19                	jne    80491dd <send_msg+0x84>
 80491c4:	83 ec 0c             	sub    $0xc,%esp
 80491c7:	68 87 97 04 08       	push   $0x8049787
 80491cc:	e8 ff f5 ff ff       	call   80487d0 <puts@plt>
 80491d1:	c7 04 24 08 00 00 00 	movl   $0x8,(%esp)
 80491d8:	e8 83 f6 ff ff       	call   8048860 <exit@plt>
 80491dd:	ff 75 94             	pushl  0xffffff94(%ebp)
 80491e0:	6a 1b                	push   $0x1b
 80491e2:	6a 01                	push   $0x1
 80491e4:	68 9c 97 04 08       	push   $0x804979c
 80491e9:	e8 d2 f6 ff ff       	call   80488c0 <fwrite@plt>
 80491ee:	83 c4 08             	add    $0x8,%esp
 80491f1:	ff 75 94             	pushl  0xffffff94(%ebp)
 80491f4:	6a 0a                	push   $0xa
 80491f6:	e8 15 f6 ff ff       	call   8048810 <fputc@plt>
 80491fb:	c7 04 24 00 00 00 00 	movl   $0x0,(%esp)
 8049202:	e8 e9 f6 ff ff       	call   80488f0 <cuserid@plt>
 8049207:	83 c4 10             	add    $0x10,%esp
 804920a:	85 c0                	test   %eax,%eax
 804920c:	75 15                	jne    8049223 <send_msg+0xca>
 804920e:	be b8 97 04 08       	mov    $0x80497b8,%esi
 8049213:	8d 7d 98             	lea    0xffffff98(%ebp),%edi
 8049216:	fc                   	cld    
 8049217:	b9 01 00 00 00       	mov    $0x1,%ecx
 804921c:	f3 a5                	repz movsl %ds:(%esi),%es:(%edi)
 804921e:	66 a5                	movsw  %ds:(%esi),%es:(%edi)
 8049220:	a4                   	movsb  %ds:(%esi),%es:(%edi)
 8049221:	eb 10                	jmp    8049233 <send_msg+0xda>
 8049223:	83 ec 08             	sub    $0x8,%esp
 8049226:	50                   	push   %eax
 8049227:	8d 45 98             	lea    0xffffff98(%ebp),%eax
 804922a:	50                   	push   %eax
 804922b:	e8 d0 f6 ff ff       	call   8048900 <strcpy@plt>
 8049230:	83 c4 10             	add    $0x10,%esp
 8049233:	83 ec 04             	sub    $0x4,%esp
 8049236:	ff 35 6c a8 04 08    	pushl  0x804a86c
 804923c:	b8 bf 97 04 08       	mov    $0x80497bf,%eax
 8049241:	83 7d 08 00          	cmpl   $0x0,0x8(%ebp)
 8049245:	75 05                	jne    804924c <send_msg+0xf3>
 8049247:	b8 c7 97 04 08       	mov    $0x80497c7,%eax
 804924c:	50                   	push   %eax
 804924d:	8d 45 98             	lea    0xffffff98(%ebp),%eax
 8049250:	50                   	push   %eax
 8049251:	ff 35 80 a1 04 08    	pushl  0x804a180
 8049257:	68 a0 a1 04 08       	push   $0x804a1a0
 804925c:	68 d0 97 04 08       	push   $0x80497d0
 8049261:	ff 75 94             	pushl  0xffffff94(%ebp)
 8049264:	e8 e7 f4 ff ff       	call   8048750 <fprintf@plt>
 8049269:	ba 00 00 00 00       	mov    $0x0,%edx
 804926e:	83 c4 20             	add    $0x20,%esp
 8049271:	3b 15 6c a8 04 08    	cmp    0x804a86c,%edx
 8049277:	7d 3c                	jge    80492b5 <send_msg+0x15c>
 8049279:	83 ec 04             	sub    $0x4,%esp
 804927c:	8d 04 92             	lea    (%edx,%edx,4),%eax
 804927f:	c1 e0 04             	shl    $0x4,%eax
 8049282:	05 80 a8 04 08       	add    $0x804a880,%eax
 8049287:	50                   	push   %eax
 8049288:	8d 5a 01             	lea    0x1(%edx),%ebx
 804928b:	53                   	push   %ebx
 804928c:	8d 45 98             	lea    0xffffff98(%ebp),%eax
 804928f:	50                   	push   %eax
 8049290:	ff 35 80 a1 04 08    	pushl  0x804a180
 8049296:	68 a0 a1 04 08       	push   $0x804a1a0
 804929b:	68 ec 97 04 08       	push   $0x80497ec
 80492a0:	ff 75 94             	pushl  0xffffff94(%ebp)
 80492a3:	e8 a8 f4 ff ff       	call   8048750 <fprintf@plt>
 80492a8:	83 c4 20             	add    $0x20,%esp
 80492ab:	89 da                	mov    %ebx,%edx
 80492ad:	3b 1d 6c a8 04 08    	cmp    0x804a86c,%ebx
 80492b3:	7c c4                	jl     8049279 <send_msg+0x120>
 80492b5:	83 ec 0c             	sub    $0xc,%esp
 80492b8:	ff 75 94             	pushl  0xffffff94(%ebp)
 80492bb:	e8 f0 f4 ff ff       	call   80487b0 <rewind@plt>
 80492c0:	c7 04 24 08 98 04 08 	movl   $0x8049808,(%esp)
 80492c7:	68 19 98 04 08       	push   $0x8049819
 80492cc:	68 1f 98 04 08       	push   $0x804981f
 80492d1:	68 36 98 04 08       	push   $0x8049836
 80492d6:	68 c0 ae 04 08       	push   $0x804aec0
 80492db:	e8 d0 f5 ff ff       	call   80488b0 <sprintf@plt>
 80492e0:	83 c4 14             	add    $0x14,%esp
 80492e3:	68 c0 ae 04 08       	push   $0x804aec0
 80492e8:	e8 d3 f4 ff ff       	call   80487c0 <system@plt>
 80492ed:	83 c4 10             	add    $0x10,%esp
 80492f0:	85 c0                	test   %eax,%eax
 80492f2:	74 19                	je     804930d <send_msg+0x1b4>
 80492f4:	83 ec 0c             	sub    $0xc,%esp
 80492f7:	68 3f 98 04 08       	push   $0x804983f
 80492fc:	e8 cf f4 ff ff       	call   80487d0 <puts@plt>
 8049301:	c7 04 24 08 00 00 00 	movl   $0x8,(%esp)
 8049308:	e8 53 f5 ff ff       	call   8048860 <exit@plt>
 804930d:	83 ec 0c             	sub    $0xc,%esp
 8049310:	ff 75 94             	pushl  0xffffff94(%ebp)
 8049313:	e8 28 f5 ff ff       	call   8048840 <fclose@plt>
 8049318:	83 c4 10             	add    $0x10,%esp
 804931b:	85 c0                	test   %eax,%eax
 804931d:	74 19                	je     8049338 <send_msg+0x1df>
 804931f:	83 ec 0c             	sub    $0xc,%esp
 8049322:	68 59 98 04 08       	push   $0x8049859
 8049327:	e8 a4 f4 ff ff       	call   80487d0 <puts@plt>
 804932c:	c7 04 24 08 00 00 00 	movl   $0x8,(%esp)
 8049333:	e8 28 f5 ff ff       	call   8048860 <exit@plt>
 8049338:	83 ec 0c             	sub    $0xc,%esp
 804933b:	ff 75 90             	pushl  0xffffff90(%ebp)
 804933e:	e8 5d f5 ff ff       	call   80488a0 <dup@plt>
 8049343:	83 c4 10             	add    $0x10,%esp
 8049346:	85 c0                	test   %eax,%eax
 8049348:	74 19                	je     8049363 <send_msg+0x20a>
 804934a:	83 ec 0c             	sub    $0xc,%esp
 804934d:	68 72 98 04 08       	push   $0x8049872
 8049352:	e8 79 f4 ff ff       	call   80487d0 <puts@plt>
 8049357:	c7 04 24 08 00 00 00 	movl   $0x8,(%esp)
 804935e:	e8 fd f4 ff ff       	call   8048860 <exit@plt>
 8049363:	83 ec 0c             	sub    $0xc,%esp
 8049366:	ff 75 90             	pushl  0xffffff90(%ebp)
 8049369:	e8 d2 f3 ff ff       	call   8048740 <close@plt>
 804936e:	83 c4 10             	add    $0x10,%esp
 8049371:	85 c0                	test   %eax,%eax
 8049373:	74 19                	je     804938e <send_msg+0x235>
 8049375:	83 ec 0c             	sub    $0xc,%esp
 8049378:	68 8d 98 04 08       	push   $0x804988d
 804937d:	e8 4e f4 ff ff       	call   80487d0 <puts@plt>
 8049382:	c7 04 24 08 00 00 00 	movl   $0x8,(%esp)
 8049389:	e8 d2 f4 ff ff       	call   8048860 <exit@plt>
 804938e:	8d 65 f4             	lea    0xfffffff4(%ebp),%esp
 8049391:	5b                   	pop    %ebx
 8049392:	5e                   	pop    %esi
 8049393:	5f                   	pop    %edi
 8049394:	c9                   	leave  
 8049395:	c3                   	ret    

08049396 <explode_bomb>:
 8049396:	55                   	push   %ebp
 8049397:	89 e5                	mov    %esp,%ebp
 8049399:	83 ec 14             	sub    $0x14,%esp
 804939c:	68 a4 98 04 08       	push   $0x80498a4
 80493a1:	e8 2a f4 ff ff       	call   80487d0 <puts@plt>
 80493a6:	c7 04 24 ad 98 04 08 	movl   $0x80498ad,(%esp)
 80493ad:	e8 1e f4 ff ff       	call   80487d0 <puts@plt>
 80493b2:	c7 04 24 08 00 00 00 	movl   $0x8,(%esp)
 80493b9:	e8 a2 f4 ff ff       	call   8048860 <exit@plt>

080493be <phase_defused>:
 80493be:	55                   	push   %ebp
 80493bf:	89 e5                	mov    %esp,%ebp
 80493c1:	53                   	push   %ebx
 80493c2:	83 ec 64             	sub    $0x64,%esp
 80493c5:	83 3d 6c a8 04 08 06 	cmpl   $0x6,0x804a86c
 80493cc:	75 62                	jne    8049430 <phase_defused+0x72>
 80493ce:	8d 5d a8             	lea    0xffffffa8(%ebp),%ebx
 80493d1:	53                   	push   %ebx
 80493d2:	8d 45 a4             	lea    0xffffffa4(%ebp),%eax
 80493d5:	50                   	push   %eax
 80493d6:	68 c4 98 04 08       	push   $0x80498c4
 80493db:	68 70 a9 04 08       	push   $0x804a970
 80493e0:	e8 8b f4 ff ff       	call   8048870 <sscanf@plt>
 80493e5:	83 c4 10             	add    $0x10,%esp
 80493e8:	83 f8 02             	cmp    $0x2,%eax
 80493eb:	75 33                	jne    8049420 <phase_defused+0x62>
 80493ed:	68 ca 98 04 08       	push   $0x80498ca
 80493f2:	53                   	push   %ebx
 80493f3:	e8 d0 fa ff ff       	call   8048ec8 <strings_not_equal>
 80493f8:	83 c4 08             	add    $0x8,%esp
 80493fb:	85 c0                	test   %eax,%eax
 80493fd:	75 21                	jne    8049420 <phase_defused+0x62>
 80493ff:	83 ec 0c             	sub    $0xc,%esp
 8049402:	68 10 99 04 08       	push   $0x8049910
 8049407:	e8 c4 f3 ff ff       	call   80487d0 <puts@plt>
 804940c:	c7 04 24 38 99 04 08 	movl   $0x8049938,(%esp)
 8049413:	e8 b8 f3 ff ff       	call   80487d0 <puts@plt>
 8049418:	e8 83 f9 ff ff       	call   8048da0 <secret_phase>
 804941d:	83 c4 10             	add    $0x10,%esp
 8049420:	83 ec 0c             	sub    $0xc,%esp
 8049423:	68 70 99 04 08       	push   $0x8049970
 8049428:	e8 a3 f3 ff ff       	call   80487d0 <puts@plt>
 804942d:	83 c4 10             	add    $0x10,%esp
 8049430:	8b 5d fc             	mov    0xfffffffc(%ebp),%ebx
 8049433:	c9                   	leave  
 8049434:	c3                   	ret    
 8049435:	90                   	nop    
 8049436:	90                   	nop    
 8049437:	90                   	nop    

08049438 <__libc_csu_init>:
 8049438:	55                   	push   %ebp
 8049439:	89 e5                	mov    %esp,%ebp
 804943b:	57                   	push   %edi
 804943c:	56                   	push   %esi
 804943d:	53                   	push   %ebx
 804943e:	83 ec 0c             	sub    $0xc,%esp
 8049441:	e8 00 00 00 00       	call   8049446 <__libc_csu_init+0xe>
 8049446:	5b                   	pop    %ebx
 8049447:	81 c3 9a 0c 00 00    	add    $0xc9a,%ebx
 804944d:	e8 c6 f2 ff ff       	call   8048718 <_init>
 8049452:	8d 83 20 ff ff ff    	lea    0xffffff20(%ebx),%eax
 8049458:	8d 93 20 ff ff ff    	lea    0xffffff20(%ebx),%edx
 804945e:	89 45 f0             	mov    %eax,0xfffffff0(%ebp)
 8049461:	29 d0                	sub    %edx,%eax
 8049463:	31 f6                	xor    %esi,%esi
 8049465:	c1 f8 02             	sar    $0x2,%eax
 8049468:	39 c6                	cmp    %eax,%esi
 804946a:	73 16                	jae    8049482 <__libc_csu_init+0x4a>
 804946c:	89 d7                	mov    %edx,%edi
 804946e:	89 f6                	mov    %esi,%esi
 8049470:	ff 14 b2             	call   *(%edx,%esi,4)
 8049473:	8b 4d f0             	mov    0xfffffff0(%ebp),%ecx
 8049476:	29 f9                	sub    %edi,%ecx
 8049478:	46                   	inc    %esi
 8049479:	c1 f9 02             	sar    $0x2,%ecx
 804947c:	39 ce                	cmp    %ecx,%esi
 804947e:	89 fa                	mov    %edi,%edx
 8049480:	72 ee                	jb     8049470 <__libc_csu_init+0x38>
 8049482:	83 c4 0c             	add    $0xc,%esp
 8049485:	5b                   	pop    %ebx
 8049486:	5e                   	pop    %esi
 8049487:	5f                   	pop    %edi
 8049488:	c9                   	leave  
 8049489:	c3                   	ret    
 804948a:	89 f6                	mov    %esi,%esi

0804948c <__libc_csu_fini>:
 804948c:	55                   	push   %ebp
 804948d:	89 e5                	mov    %esp,%ebp
 804948f:	57                   	push   %edi
 8049490:	56                   	push   %esi
 8049491:	53                   	push   %ebx
 8049492:	e8 00 00 00 00       	call   8049497 <__libc_csu_fini+0xb>
 8049497:	5b                   	pop    %ebx
 8049498:	81 c3 49 0c 00 00    	add    $0xc49,%ebx
 804949e:	8d 83 20 ff ff ff    	lea    0xffffff20(%ebx),%eax
 80494a4:	8d bb 20 ff ff ff    	lea    0xffffff20(%ebx),%edi
 80494aa:	29 f8                	sub    %edi,%eax
 80494ac:	c1 f8 02             	sar    $0x2,%eax
 80494af:	83 ec 0c             	sub    $0xc,%esp
 80494b2:	8d 70 ff             	lea    0xffffffff(%eax),%esi
 80494b5:	eb 05                	jmp    80494bc <__libc_csu_fini+0x30>
 80494b7:	90                   	nop    
 80494b8:	ff 14 b7             	call   *(%edi,%esi,4)
 80494bb:	4e                   	dec    %esi
 80494bc:	83 fe ff             	cmp    $0xffffffff,%esi
 80494bf:	75 f7                	jne    80494b8 <__libc_csu_fini+0x2c>
 80494c1:	e8 2e 00 00 00       	call   80494f4 <_fini>
 80494c6:	83 c4 0c             	add    $0xc,%esp
 80494c9:	5b                   	pop    %ebx
 80494ca:	5e                   	pop    %esi
 80494cb:	5f                   	pop    %edi
 80494cc:	c9                   	leave  
 80494cd:	c3                   	ret    
 80494ce:	90                   	nop    
 80494cf:	90                   	nop    

080494d0 <__do_global_ctors_aux>:
 80494d0:	55                   	push   %ebp
 80494d1:	89 e5                	mov    %esp,%ebp
 80494d3:	53                   	push   %ebx
 80494d4:	52                   	push   %edx
 80494d5:	bb 00 a0 04 08       	mov    $0x804a000,%ebx
 80494da:	a1 00 a0 04 08       	mov    0x804a000,%eax
 80494df:	eb 0a                	jmp    80494eb <__do_global_ctors_aux+0x1b>
 80494e1:	8d 76 00             	lea    0x0(%esi),%esi
 80494e4:	83 eb 04             	sub    $0x4,%ebx
 80494e7:	ff d0                	call   *%eax
 80494e9:	8b 03                	mov    (%ebx),%eax
 80494eb:	83 f8 ff             	cmp    $0xffffffff,%eax
 80494ee:	75 f4                	jne    80494e4 <__do_global_ctors_aux+0x14>
 80494f0:	58                   	pop    %eax
 80494f1:	5b                   	pop    %ebx
 80494f2:	c9                   	leave  
 80494f3:	c3                   	ret    
Disassembly of section .fini:

080494f4 <_fini>:
 80494f4:	55                   	push   %ebp
 80494f5:	89 e5                	mov    %esp,%ebp
 80494f7:	53                   	push   %ebx
 80494f8:	e8 00 00 00 00       	call   80494fd <_fini+0x9>
 80494fd:	5b                   	pop    %ebx
 80494fe:	81 c3 e3 0b 00 00    	add    $0xbe3,%ebx
 8049504:	50                   	push   %eax
 8049505:	e8 4e f4 ff ff       	call   8048958 <__do_global_dtors_aux>
 804950a:	59                   	pop    %ecx
 804950b:	5b                   	pop    %ebx
 804950c:	c9                   	leave  
 804950d:	c3                   	ret    
